<?xml version="1.0" encoding="UTF-8"?>
<!-- Generated by org.testng.reporters.JUnitReportReporter -->
<testsuite hostname="MY-SPECTRE" failures="0" tests="4" name="com.qa.my.tests.LoginPageTest" time="21.656" errors="0" timestamp="2022-02-02T14:06:33 NST" skipped="0">
  <testcase classname="com.qa.my.tests.LoginPageTest" name="verifyLoginPageTitleTest" time="2.724"/>
  <system-out/>
  <testcase classname="com.qa.my.tests.LoginPageTest" name="verifyLoginPageTitleTest" time="5.768"/>
  <system-out/>
  <testcase classname="com.qa.my.tests.LoginPageTest" name="performLoginActionTest" time="4.938"/>
  <system-out/>
  <testcase classname="com.qa.my.tests.LoginPageTest" name="performLoginActionTest" time="8.226"/>
  <system-out/>
</testsuite> <!-- com.qa.my.tests.LoginPageTest -->
